<?xml version="1.0" encoding="UTF-8"?>
<!-- Generated by org.testng.reporters.JUnitReportReporter -->
<testsuite hostname="TYSS-Chaithra" failures="0" tests="1" name="authentications.Oauth2_0" time="3.481" errors="0" timestamp="2022-04-21T17:39:03 IST" skipped="0">
  <testcase classname="authentications.Oauth2_0" name="oauthAuthentication" time="3.481"/>
  <system-out/>
</testsuite> <!-- authentications.Oauth2_0 -->
