<?xml version="1.0" encoding="UTF-8"?>
<!-- Generated by org.testng.reporters.JUnitReportReporter -->
<testsuite hostname="TYSS-Chaithra" failures="0" tests="1" name="practice.CRUDOperationsWithBDD.GetAllProjects" time="1.455" errors="0" timestamp="2022-04-21T11:18:17 IST" skipped="0">
  <testcase classname="practice.CRUDOperationsWithBDD.GetAllProjects" name="getAllProjects" time="1.455"/>
  <system-out/>
</testsuite> <!-- practice.CRUDOperationsWithBDD.GetAllProjects -->
