<?xml version="1.0" encoding="UTF-8"?>
<!-- Generated by org.testng.reporters.JUnitReportReporter -->
<testsuite hostname="TYSS-Chaithra" failures="0" tests="1" name="practice.CRUDOperationsWithoutBDD.CreateProjectTest" time="1.296" errors="0" timestamp="2022-04-20T12:37:10 IST" skipped="0">
  <testcase classname="practice.CRUDOperationsWithoutBDD.CreateProjectTest" name="createProjectTest" time="1.296"/>
  <system-out/>
</testsuite> <!-- practice.CRUDOperationsWithoutBDD.CreateProjectTest -->
