<?xml version="1.0" encoding="UTF-8"?>
<!-- Generated by org.testng.reporters.JUnitReportReporter -->
<testsuite hostname="TYSS-Chaithra" failures="0" tests="1" name="differentWaysToPOST.CreateProjectUsingHashMap" time="1.499" errors="0" timestamp="2022-04-20T15:35:07 IST" skipped="0">
  <testcase classname="differentWaysToPOST.CreateProjectUsingHashMap" name="createProject" time="1.499"/>
  <system-out/>
</testsuite> <!-- differentWaysToPOST.CreateProjectUsingHashMap -->
