<?xml version="1.0" encoding="UTF-8"?>
<!-- Generated by org.testng.reporters.JUnitReportReporter -->
<testsuite hostname="TYSS-Chaithra" failures="0" tests="1" name="responseValidation.StaticResponseValidation" time="2.131" errors="0" timestamp="2022-04-21T11:07:56 IST" skipped="0">
  <testcase classname="responseValidation.StaticResponseValidation" name="staticResponse" time="2.131"/>
  <system-out/>
</testsuite> <!-- responseValidation.StaticResponseValidation -->
