<?xml version="1.0" encoding="UTF-8"?>
<!-- Generated by org.testng.reporters.JUnitReportReporter -->
<testsuite hostname="TYSS-Chaithra" failures="0" tests="1" name="parameters.ParametersTestForGIt" time="2.772" errors="0" timestamp="2022-04-21T15:17:56 IST" skipped="0">
  <testcase classname="parameters.ParametersTestForGIt" name="parametersTest" time="2.772"/>
  <system-out/>
</testsuite> <!-- parameters.ParametersTestForGIt -->
