<?xml version="1.0" encoding="UTF-8"?>
<!-- Generated by org.testng.reporters.JUnitReportReporter -->
<testsuite hostname="TYSS-Chaithra" failures="0" tests="1" name="practice.CRUDOperationsWithoutBDD.GetSingleProjectTest" time="1.059" errors="0" timestamp="2022-04-20T12:28:28 IST" skipped="0">
  <testcase classname="practice.CRUDOperationsWithoutBDD.GetSingleProjectTest" name="getSingleProject" time="1.059"/>
  <system-out/>
</testsuite> <!-- practice.CRUDOperationsWithoutBDD.GetSingleProjectTest -->
