<?xml version="1.0" encoding="UTF-8"?>
<!-- Generated by org.testng.reporters.JUnitReportReporter -->
<testsuite hostname="TYSS-Chaithra" failures="0" tests="1" name="practice.CRUDOperationsWithBDD.UpdateProjectTest" time="1.249" errors="0" timestamp="2022-04-20T13:25:51 IST" skipped="0">
  <testcase classname="practice.CRUDOperationsWithBDD.UpdateProjectTest" name="updateProject" time="1.249"/>
  <system-out/>
</testsuite> <!-- practice.CRUDOperationsWithBDD.UpdateProjectTest -->
