<?xml version="1.0" encoding="UTF-8"?>
<!-- Generated by org.testng.reporters.JUnitReportReporter -->
<testsuite hostname="TYSS-Chaithra" failures="0" tests="1" name="practice.CRUDOperationsWithBDD.DeleteProjectTest" time="1.091" errors="0" timestamp="2022-04-20T13:29:44 IST" skipped="0">
  <testcase classname="practice.CRUDOperationsWithBDD.DeleteProjectTest" name="deleteProject" time="1.091"/>
  <system-out/>
</testsuite> <!-- practice.CRUDOperationsWithBDD.DeleteProjectTest -->
