<?xml version="1.0" encoding="UTF-8"?>
<!-- Generated by org.testng.reporters.JUnitReportReporter -->
<testsuite hostname="TYSS-Chaithra" failures="0" tests="1" name="practice.CRUDOperationsWithBDD.GetSingleProjectTest" time="1.080" errors="0" timestamp="2022-04-20T13:31:47 IST" skipped="0">
  <testcase classname="practice.CRUDOperationsWithBDD.GetSingleProjectTest" name="getSingleProject" time="1.080"/>
  <system-out/>
</testsuite> <!-- practice.CRUDOperationsWithBDD.GetSingleProjectTest -->
