<?xml version="1.0" encoding="UTF-8"?>
<!-- Generated by org.testng.reporters.JUnitReportReporter -->
<testsuite hostname="TYSS-Chaithra" failures="0" tests="1" name="authentications.BearerToken" time="9.683" errors="0" timestamp="2022-04-21T16:20:11 IST" skipped="0">
  <testcase classname="authentications.BearerToken" name="bearerToken" time="9.683"/>
  <system-out/>
</testsuite> <!-- authentications.BearerToken -->
