<?xml version="1.0" encoding="UTF-8"?>
<!-- Generated by org.testng.reporters.JUnitReportReporter -->
<testsuite hostname="TYSS-Chaithra" failures="0" tests="1" name="authentications.BasicAuth" time="1.216" errors="0" timestamp="2022-04-21T16:10:54 IST" skipped="0">
  <testcase classname="authentications.BasicAuth" name="basicDigestiveAuth" time="1.216"/>
  <system-out/>
</testsuite> <!-- authentications.BasicAuth -->
