<?xml version="1.0" encoding="UTF-8"?>
<!-- Generated by org.testng.reporters.JUnitReportReporter -->
<testsuite hostname="TYSS-Chaithra" failures="0" tests="1" name="differentWaysToPOST.CreateProjectUsingPOJO" time="1.767" errors="0" timestamp="2022-04-20T15:57:03 IST" skipped="0">
  <testcase classname="differentWaysToPOST.CreateProjectUsingPOJO" name="createProject" time="1.767"/>
  <system-out/>
</testsuite> <!-- differentWaysToPOST.CreateProjectUsingPOJO -->
