<?xml version="1.0" encoding="UTF-8"?>
<!-- Generated by org.testng.reporters.JUnitReportReporter -->
<testsuite hostname="TYSS-Chaithra" failures="0" tests="1" name="rmgyantraTestsWithFramework.CreateProjectAndVerifyInDataBase" time="2.475" errors="0" timestamp="2022-04-22T12:49:55 IST" skipped="0">
  <testcase classname="rmgyantraTestsWithFramework.CreateProjectAndVerifyInDataBase" name="createProjectVerifyInDb" time="2.475"/>
  <system-out/>
</testsuite> <!-- rmgyantraTestsWithFramework.CreateProjectAndVerifyInDataBase -->
