<?xml version="1.0" encoding="UTF-8"?>
<!-- Generated by org.testng.reporters.JUnitReportReporter -->
<testsuite hostname="TYSS-Chaithra" failures="0" tests="1" name="differentWaysToPOST.CreateProjectUsingJSONObject" time="1.930" errors="0" timestamp="2022-04-21T13:22:44 IST" skipped="0">
  <testcase classname="differentWaysToPOST.CreateProjectUsingJSONObject" name="createProject" time="1.930"/>
  <system-out/>
</testsuite> <!-- differentWaysToPOST.CreateProjectUsingJSONObject -->
