<?xml version="1.0" encoding="UTF-8"?>
<!-- Generated by org.testng.reporters.JUnitReportReporter -->
<testsuite hostname="TYSS-Chaithra" failures="0" tests="1" name="practice.CRUDOperationsWithoutBDD.DeleteProjectTest" time="1.098" errors="0" timestamp="2022-04-20T12:31:19 IST" skipped="0">
  <testcase classname="practice.CRUDOperationsWithoutBDD.DeleteProjectTest" name="deleteProject" time="1.098"/>
  <system-out/>
</testsuite> <!-- practice.CRUDOperationsWithoutBDD.DeleteProjectTest -->
