<?xml version="1.0" encoding="UTF-8"?>
<!-- Generated by org.testng.reporters.JUnitReportReporter -->
<testsuite hostname="TYSS-Chaithra" failures="0" tests="1" name="parameters.PathParameter" time="1.426" errors="0" timestamp="2022-04-21T13:33:24 IST" skipped="0">
  <testcase classname="parameters.PathParameter" name="getSingleProject" time="1.426"/>
  <system-out/>
</testsuite> <!-- parameters.PathParameter -->
