<?xml version="1.0" encoding="UTF-8"?>
<!-- Generated by org.testng.reporters.JUnitReportReporter -->
<testsuite hostname="TYSS-Chaithra" failures="0" tests="1" name="practice.CRUDOperationsWithBDD.CreateProjectTest" time="2.060" errors="0" timestamp="2022-04-20T15:22:11 IST" skipped="0">
  <testcase classname="practice.CRUDOperationsWithBDD.CreateProjectTest" name="createProject" time="2.060"/>
  <system-out/>
</testsuite> <!-- practice.CRUDOperationsWithBDD.CreateProjectTest -->
