<?xml version="1.0" encoding="UTF-8"?>
<!-- Generated by org.testng.reporters.JUnitReportReporter -->
<testsuite hostname="TYSS-Chaithra" failures="0" tests="1" name="parameters.FormParameter" time="1.395" errors="0" timestamp="2022-04-21T13:44:46 IST" skipped="0">
  <testcase classname="parameters.FormParameter" name="createProjectUisngFormParameter" time="1.395"/>
  <system-out/>
</testsuite> <!-- parameters.FormParameter -->
