<?xml version="1.0" encoding="UTF-8"?>
<!-- Generated by org.testng.reporters.JUnitReportReporter -->
<testsuite hostname="TYSS-Chaithra" failures="0" tests="1" name="responseValidation.ResponseTimeValidation" time="1.505" errors="0" timestamp="2022-04-21T12:35:40 IST" skipped="0">
  <testcase classname="responseValidation.ResponseTimeValidation" name="responseTimeValidation" time="1.505"/>
  <system-out/>
</testsuite> <!-- responseValidation.ResponseTimeValidation -->
