<?xml version="1.0" encoding="UTF-8"?>
<!-- Generated by org.testng.reporters.JUnitReportReporter -->
<testsuite hostname="TYSS-Chaithra" failures="0" tests="1" name="differentWaysToPOST.CreateProjectUsingJSONfile" time="1.549" errors="0" timestamp="2022-04-20T15:41:38 IST" skipped="0">
  <testcase classname="differentWaysToPOST.CreateProjectUsingJSONfile" name="createProject" time="1.549"/>
  <system-out/>
</testsuite> <!-- differentWaysToPOST.CreateProjectUsingJSONfile -->
