<?xml version="1.0" encoding="UTF-8"?>
<!-- Generated by org.testng.reporters.JUnitReportReporter -->
<testsuite hostname="TYSS-Chaithra" failures="0" tests="1" name="practice.CRUDOperationsWithoutBDD.UpdateProjectTest" time="1.280" errors="0" timestamp="2022-04-20T12:38:36 IST" skipped="0">
  <testcase classname="practice.CRUDOperationsWithoutBDD.UpdateProjectTest" name="updateProject" time="1.280"/>
  <system-out/>
</testsuite> <!-- practice.CRUDOperationsWithoutBDD.UpdateProjectTest -->
