<?xml version="1.0" encoding="UTF-8"?>
<!-- Generated by org.testng.reporters.JUnitReportReporter -->
<testsuite hostname="TYSS-Chaithra" failures="0" tests="1" name="parameters.ParametersTest" time="2.732" errors="0" timestamp="2022-04-21T14:34:25 IST" skipped="0">
  <testcase classname="parameters.ParametersTest" name="demo" time="2.732"/>
  <system-out/>
</testsuite> <!-- parameters.ParametersTest -->
