<?xml version="1.0" encoding="UTF-8"?>
<!-- Generated by org.testng.reporters.JUnitReportReporter -->
<testsuite hostname="TYSS-Chaithra" failures="0" tests="1" name="responseValidation.DynamicResponseValidation" time="2.021" errors="0" timestamp="2022-04-21T11:23:55 IST" skipped="0">
  <testcase classname="responseValidation.DynamicResponseValidation" name="dynamicResponse" time="2.021"/>
  <system-out/>
</testsuite> <!-- responseValidation.DynamicResponseValidation -->
