<?xml version="1.0" encoding="UTF-8"?>
<!-- Generated by org.testng.reporters.JUnitReportReporter -->
<testsuite hostname="TYSS-Chaithra" failures="0" tests="1" name="parameters.QueryParameter" time="1.920" errors="0" timestamp="2022-04-21T13:39:00 IST" skipped="0">
  <testcase classname="parameters.QueryParameter" name="queryParameter" time="1.920"/>
  <system-out/>
</testsuite> <!-- parameters.QueryParameter -->
