<?xml version="1.0" encoding="UTF-8"?>
<!-- Generated by org.testng.reporters.JUnitReportReporter -->
<testsuite hostname="TYSS-Chaithra" failures="0" tests="3" name="dataDrivenTesting.CreateMultipleProjectWithDiffData" time="2.021" errors="0" timestamp="2022-04-21T13:23:00 IST" skipped="0">
  <testcase classname="dataDrivenTesting.CreateMultipleProjectWithDiffData" name="createProject" time="1.958"/>
  <system-out/>
  <testcase classname="dataDrivenTesting.CreateMultipleProjectWithDiffData" name="createProject" time="0.028"/>
  <system-out/>
  <testcase classname="dataDrivenTesting.CreateMultipleProjectWithDiffData" name="createProject" time="0.035"/>
  <system-out/>
</testsuite> <!-- dataDrivenTesting.CreateMultipleProjectWithDiffData -->
