<?xml version="1.0" encoding="UTF-8"?>
<!-- Generated by org.testng.reporters.JUnitReportReporter -->
<testsuite hostname="TYSS-Chaithra" failures="0" tests="1" name="practice.CRUDOperationsWithoutBDD.GetAllProjectsTest" time="1.096" errors="0" timestamp="2022-04-20T12:00:28 IST" skipped="0">
  <testcase classname="practice.CRUDOperationsWithoutBDD.GetAllProjectsTest" name="getAllProjects" time="1.096"/>
  <system-out/>
</testsuite> <!-- practice.CRUDOperationsWithoutBDD.GetAllProjectsTest -->
