<?xml version="1.0" encoding="UTF-8"?>
<!-- Generated by org.testng.reporters.JUnitReportReporter -->
<testsuite hostname="TYSS-Chaithra" failures="0" tests="1" name="requestChaining.CreateProjectAndGetProject" time="1.721" errors="0" timestamp="2022-04-21T15:34:37 IST" skipped="0">
  <testcase classname="requestChaining.CreateProjectAndGetProject" name="requestChaining1" time="1.721"/>
  <system-out/>
</testsuite> <!-- requestChaining.CreateProjectAndGetProject -->
